<?xml version="1.0" encoding="UTF-8"?>
<!-- Generated by org.testng.reporters.JUnitXMLReporter -->
<testsuite ignored="0" hostname="G00005" failures="1" tests="2" name="ChromeTest" time="7.539" errors="0" timestamp="2026-03-27T17:39:02 IST">
  <testcase classname="tests.TC001_Login_Test" name="loginTest" time="0.592">
    <failure type="java.lang.AssertionError" message="expected [Swag Lab] but found [Swag Labs]">
      <![CDATA[java.lang.AssertionError: expected [Swag Lab] but found [Swag Labs]
at pages.InventoryPage.validateLogin(InventoryPage.java:28)
at tests.TC001_Login_Test.loginTest(TC001_Login_Test.java:26)
at java.base/java.util.ArrayList.forEach(ArrayList.java:1596)
... Removed 31 stack frames]]>
    </failure>
  </testcase> <!-- loginTest -->
  <testcase classname="tests.TC001_Login_Test" name="loginTest" time="0.606"/>
</testsuite> <!-- ChromeTest -->
