<?xml version="1.0" encoding="UTF-8"?>
<!-- Generated by org.testng.reporters.JUnitXMLReporter -->
<testsuite ignored="0" hostname="G00005" failures="1" tests="2" name="EdgeTest" time="10.749" errors="0" timestamp="2026-06-24T18:34:31 IST">
  <testcase classname="tests.TC001_Login_Test" name="loginTest" time="0.898">
    <failure type="java.lang.AssertionError" message="expected [Swag Lab] but found [Swag Labs]">
      <![CDATA[java.lang.AssertionError: expected [Swag Lab] but found [Swag Labs]
at pages.InventoryPage.validateLogin(InventoryPage.java:28)
at tests.TC001_Login_Test.loginTest(TC001_Login_Test.java:30)
at java.base/java.util.ArrayList.forEach(ArrayList.java:1596)
... Removed 35 stack frames]]>
    </failure>
  </testcase> <!-- loginTest -->
  <testcase classname="tests.TC001_Login_Test" name="loginTest" time="0.727"/>
</testsuite> <!-- EdgeTest -->
