<?xml version="1.0" encoding="UTF-8"?>
<testng-results ignored="0" total="2" passed="2" failed="0" skipped="0">
  <reporter-output>
  </reporter-output>
  <suite started-at="2026-03-26T20:07:02 IST" name="Suite" finished-at="2026-03-26T20:07:10 IST" duration-ms="7917">
    <groups>
    </groups>
    <test started-at="2026-03-26T20:07:02 IST" name="ChromeTest" finished-at="2026-03-26T20:07:05 IST" duration-ms="3047">
      <class name="tests.TC001_Login_Test">
        <test-method is-config="true" signature="launchBrowser(java.lang.String,java.lang.String)[pri:0, instance:tests.TC001_Login_Test@765d7657]" started-at="2026-03-26T20:07:02 IST" name="launchBrowser" finished-at="2026-03-26T20:07:05 IST" duration-ms="2418" status="PASS">
          <params>
            <param index="0">
              <value>
                <![CDATA[https://www.saucedemo.com/]]>
              </value>
            </param>
            <param index="1">
              <value>
                <![CDATA[chrome]]>
              </value>
            </param>
          </params>
          <reporter-output>
          </reporter-output>
        </test-method> <!-- launchBrowser -->
        <test-method signature="loginTest()[pri:0, instance:tests.TC001_Login_Test@765d7657]" started-at="2026-03-26T20:07:05 IST" name="loginTest" finished-at="2026-03-26T20:07:05 IST" duration-ms="412" status="PASS">
          <reporter-output>
          </reporter-output>
        </test-method> <!-- loginTest -->
        <test-method is-config="true" signature="closeBrowser()[pri:0, instance:tests.TC001_Login_Test@765d7657]" started-at="2026-03-26T20:07:05 IST" name="closeBrowser" finished-at="2026-03-26T20:07:05 IST" duration-ms="154" status="PASS">
          <reporter-output>
          </reporter-output>
        </test-method> <!-- closeBrowser -->
      </class> <!-- tests.TC001_Login_Test -->
    </test> <!-- ChromeTest -->
    <test started-at="2026-03-26T20:07:05 IST" name="EdgeTest" finished-at="2026-03-26T20:07:10 IST" duration-ms="4797">
      <class name="tests.TC001_Login_Test">
        <test-method is-config="true" signature="launchBrowser(java.lang.String,java.lang.String)[pri:0, instance:tests.TC001_Login_Test@544fa968]" started-at="2026-03-26T20:07:05 IST" name="launchBrowser" finished-at="2026-03-26T20:07:10 IST" duration-ms="4015" status="PASS">
          <params>
            <param index="0">
              <value>
                <![CDATA[https://www.saucedemo.com/]]>
              </value>
            </param>
            <param index="1">
              <value>
                <![CDATA[edge]]>
              </value>
            </param>
          </params>
          <reporter-output>
          </reporter-output>
        </test-method> <!-- launchBrowser -->
        <test-method signature="loginTest()[pri:0, instance:tests.TC001_Login_Test@544fa968]" started-at="2026-03-26T20:07:10 IST" name="loginTest" finished-at="2026-03-26T20:07:10 IST" duration-ms="477" status="PASS">
          <reporter-output>
          </reporter-output>
        </test-method> <!-- loginTest -->
        <test-method is-config="true" signature="closeBrowser()[pri:0, instance:tests.TC001_Login_Test@544fa968]" started-at="2026-03-26T20:07:10 IST" name="closeBrowser" finished-at="2026-03-26T20:07:10 IST" duration-ms="298" status="PASS">
          <reporter-output>
          </reporter-output>
        </test-method> <!-- closeBrowser -->
      </class> <!-- tests.TC001_Login_Test -->
    </test> <!-- EdgeTest -->
  </suite> <!-- Suite -->
</testng-results>
